<?xml version="1.0" encoding="UTF-8"?>
<testng-results skipped="0" failed="0" total="2" passed="2">
  <reporter-output>
  </reporter-output>
  <suite name="Default suite" duration-ms="39642" started-at="2023-08-03T05:35:54Z" finished-at="2023-08-03T05:36:34Z">
    <groups>
    </groups>
    <test name="Default test" duration-ms="39642" started-at="2023-08-03T05:35:54Z" finished-at="2023-08-03T05:36:34Z">
      <class name="TestNGTests.FirstTestusingTestNG">
        <test-method status="PASS" signature="setUp()[pri:0, instance:TestNGTests.FirstTestusingTestNG@880ec60]" name="setUp" is-config="true" duration-ms="30931" started-at="2023-08-02T22:35:54Z" finished-at="2023-08-02T22:36:25Z">
          <reporter-output>
          </reporter-output>
        </test-method> <!-- setUp -->
        <test-method status="PASS" signature="test1()[pri:0, instance:TestNGTests.FirstTestusingTestNG@880ec60]" name="test1" duration-ms="6194" started-at="2023-08-02T22:36:25Z" finished-at="2023-08-02T22:36:32Z">
          <reporter-output>
          </reporter-output>
        </test-method> <!-- test1 -->
        <test-method status="PASS" signature="test2()[pri:0, instance:TestNGTests.FirstTestusingTestNG@880ec60]" name="test2" duration-ms="1103" started-at="2023-08-02T22:36:32Z" finished-at="2023-08-02T22:36:33Z">
          <reporter-output>
          </reporter-output>
        </test-method> <!-- test2 -->
        <test-method status="PASS" signature="tearDown()[pri:0, instance:TestNGTests.FirstTestusingTestNG@880ec60]" name="tearDown" is-config="true" duration-ms="1392" started-at="2023-08-02T22:36:33Z" finished-at="2023-08-02T22:36:34Z">
          <reporter-output>
          </reporter-output>
        </test-method> <!-- tearDown -->
      </class> <!-- TestNGTests.FirstTestusingTestNG -->
    </test> <!-- Default test -->
  </suite> <!-- Default suite -->
</testng-results>
